<?xml version="1.0" encoding="UTF-8"?>
<testsuite name="org.tor2.chat.FramingTest" tests="4" skipped="0" failures="0" errors="0" timestamp="2026-08-03T03:54:14" hostname="KairoPC" time="0.042">
  <properties/>
  <testcase name="binary frame carries raw bytes with no base64 inflation" classname="org.tor2.chat.FramingTest" time="0.026"/>
  <testcase name="handshake between two ends agrees on the fingerprint" classname="org.tor2.chat.FramingTest" time="0.004"/>
  <testcase name="json frame round trips" classname="org.tor2.chat.FramingTest" time="0.002"/>
  <testcase name="a frame encrypted with the wrong inner key is rejected" classname="org.tor2.chat.FramingTest" time="0.01"/>
  <system-out><![CDATA[]]></system-out>
  <system-err><![CDATA[]]></system-err>
</testsuite>
